<?xml version="1.0" encoding="UTF-8"?>
<!-- Generated by org.testng.reporters.JUnitReportReporter -->
<testsuite hostname="TBLSYS018" failures="0" tests="1" name="example.NewTest" time="7.456" errors="0" timestamp="2021-03-02T14:33:08 IST" skipped="0">
  <testcase classname="example.NewTest" name="method" time="7.456"/>
  <system-out/>
</testsuite> <!-- example.NewTest -->
