<?xml version="1.0" encoding="UTF-8"?>
<!-- Generated by org.testng.reporters.JUnitReportReporter -->
<testsuite hostname="TBLSYS018" failures="0" tests="1" name="demo.integration.ZephyrJiraSeleniumJenkins.ZephyrJiraSeleniumJenkins.AppTest" time="0.009" errors="0" timestamp="2021-03-02T14:33:08 IST" skipped="0">
  <testcase classname="demo.integration.ZephyrJiraSeleniumJenkins.ZephyrJiraSeleniumJenkins.AppTest" name="shouldAnswerWithTrue" time="0.009"/>
  <system-out/>
</testsuite> <!-- demo.integration.ZephyrJiraSeleniumJenkins.ZephyrJiraSeleniumJenkins.AppTest -->
